[debug] [2023-09-07T16:54:12.206Z] ----------------------------------------------------------------------
[debug] [2023-09-07T16:54:12.211Z] Command:       C:\Program Files\nodejs\node.exe C:\Users\Muhammad Masood\AppData\Roaming\npm\node_modules\firebase-tools\lib\bin\firebase.js init
[debug] [2023-09-07T16:54:12.212Z] CLI Version:   12.2.1
[debug] [2023-09-07T16:54:12.213Z] Platform:      win32
[debug] [2023-09-07T16:54:12.214Z] Node Version:  v16.19.1
[debug] [2023-09-07T16:54:12.229Z] Time:          Thu Sep 07 2023 09:54:12 GMT-0700 (Pacific Daylight Time)
[debug] [2023-09-07T16:54:12.229Z] ----------------------------------------------------------------------
[debug] 
[debug] [2023-09-07T16:54:12.237Z] >>> [apiv2][query] GET https://firebase-public.firebaseio.com/cli.json [none]
[debug] [2023-09-07T16:54:12.303Z] > command requires scopes: ["email","openid","https://www.googleapis.com/auth/cloudplatformprojects.readonly","https://www.googleapis.com/auth/firebase","https://www.googleapis.com/auth/cloud-platform"]
[debug] [2023-09-07T16:54:12.303Z] > authorizing via signed-in user (development.masood@gmail.com)
[info] 
     ######## #### ########  ######## ########     ###     ######  ########
     ##        ##  ##     ## ##       ##     ##  ##   ##  ##       ##
     ######    ##  ########  ######   ########  #########  ######  ######
     ##        ##  ##    ##  ##       ##     ## ##     ##       ## ##
     ##       #### ##     ## ######## ########  ##     ##  ######  ########

You're about to initialize a Firebase project in this directory:

  C:\Users\Muhammad Masood\to-do-app

[debug] [2023-09-07T16:54:13.697Z] <<< [apiv2][status] GET https://firebase-public.firebaseio.com/cli.json 200
[debug] [2023-09-07T16:54:13.699Z] <<< [apiv2][body] GET https://firebase-public.firebaseio.com/cli.json {"cloudBuildErrorAfter":1594252800000,"cloudBuildWarnAfter":1590019200000,"defaultNode10After":1594252800000,"minVersion":"3.0.5","node8DeploysDisabledAfter":1613390400000,"node8RuntimeDisabledAfter":1615809600000,"node8WarnAfter":1600128000000}
